C51 COMPILER V9.60.0.0   SEVEN_SEG                                                         07/19/2020 02:05:18 PAGE 1   


C51 COMPILER V9.60.0.0, COMPILATION OF MODULE SEVEN_SEG
OBJECT MODULE PLACED IN .\Objects\seven_seg.obj
COMPILER INVOKED BY: F:\Keil\C51\BIN\C51.EXE seven_seg.c OPTIMIZE(8,SPEED) BROWSE DEBUG OBJECTEXTEND PRINT(.\Listings\se
                    -ven_seg.lst) TABS(2) OBJECT(.\Objects\seven_seg.obj)

line level    source

   1          #include <reg52.h>
   2          #include<stdio.h>
   3          
   4          sbit position4 = P0^3;
   5          sbit position5 = P0^4;
   6          sbit position6 = P0^5;
   7          sbit selectionLatch = P2^7;
   8          sbit dataLatch = P2^6;
   9          char time = 3;
  10          void delay(char x); // delay function
  11          void main()
  12          {
  13   1          while(1)
  14   1          {
  15   2            P0 = 0xff;
  16   2            position4 = 0;
  17   2            selectionLatch = 1;
  18   2            selectionLatch = 0;
  19   2            
  20   2            P0 = 0x06; //1--> 0x06,
  21   2            dataLatch = 1;
  22   2            dataLatch = 0;
  23   2          
  24   2            delay(time);
  25   2          
  26   2            P0 = 0xff;
  27   2            position5 = 0;
  28   2            selectionLatch = 1;
  29   2            selectionLatch = 0;
  30   2            
  31   2            P0 = 0x5b; //2--> 0x5b,
  32   2            dataLatch = 1;
  33   2            dataLatch = 0;
  34   2          
  35   2            delay(time);
  36   2          
  37   2            P0 = 0xff;
  38   2            position6 = 0;
  39   2            selectionLatch = 1;
  40   2            selectionLatch = 0;
  41   2            
  42   2            P0 = 0x4f; //3--> 0x4f,
  43   2            dataLatch = 1;
  44   2            dataLatch = 0;
  45   2            
  46   2            delay(time);
  47   2          }
  48   1          
  49   1      }
  50          
  51          void delay(char x)
  52          {
  53   1        char y;
  54   1        while(x--)
C51 COMPILER V9.60.0.0   SEVEN_SEG                                                         07/19/2020 02:05:18 PAGE 2   

  55   1          for(y = 0; y<120; y++);
  56   1      
  57   1      }


MODULE INFORMATION:   STATIC OVERLAYABLE
   CODE SIZE        =     82    ----
   CONSTANT SIZE    =   ----    ----
   XDATA SIZE       =   ----    ----
   PDATA SIZE       =   ----    ----
   DATA SIZE        =      1    ----
   IDATA SIZE       =   ----    ----
   BIT SIZE         =   ----    ----
END OF MODULE INFORMATION.


C51 COMPILATION COMPLETE.  0 WARNING(S),  0 ERROR(S)
