C51 COMPILER V9.60.0.0   UART_SEND_POLLING                                                 07/23/2020 16:39:54 PAGE 1   


C51 COMPILER V9.60.0.0, COMPILATION OF MODULE UART_SEND_POLLING
OBJECT MODULE PLACED IN .\Objects\uart_send_polling.obj
COMPILER INVOKED BY: F:\Keil\C51\BIN\C51.EXE uart_send_polling.c OPTIMIZE(8,SPEED) BROWSE DEBUG OBJECTEXTEND PRINT(.\Lis
                    -tings\uart_send_polling.lst) TABS(2) OBJECT(.\Objects\uart_send_polling.obj)

line level    source

   1          #include<reg52.h>
   2          #include<string.h>
   3          
   4          #define uchar unsigned char
   5            
   6          char myMSG[] = {"The world is a beautiful place\n"}; 
   7          
   8          void delay(uchar x);
   9          void uart_init();
  10          void uart_TX(char _data);
  11          
  12          void main()
  13          {
  14   1        char i = 0;
  15   1        uart_init();
  16   1        
  17   1        while(1)
  18   1        {
  19   2          for(i=0; i<strlen(myMSG);i++)
  20   2          {
  21   3            uart_TX(myMSG[i]);
  22   3            delay(10);
  23   3          }
  24   2          
  25   2        }
  26   1      }
  27          
  28          void delay(uchar x)
  29          {
  30   1        uchar y;
  31   1        while(x--)
  32   1          for(y = 0; y<120; y++);
  33   1      }
  34          void uart_init()
  35          {
  36   1        // initialize timer 1 in mode 2(8 bit auto reload)
  37   1        TMOD = 0x20;
  38   1        TH1 = 0xfd;
  39   1        SCON = 0x50;
  40   1        TR1 = 1;
  41   1        TI =  0;
  42   1      }
  43          void uart_TX(char _data)
  44          {
  45   1        SBUF = _data;
  46   1        while(TI == 0);
  47   1        TI = 0;
  48   1      }


MODULE INFORMATION:   STATIC OVERLAYABLE
   CODE SIZE        =     95    ----
   CONSTANT SIZE    =   ----    ----
   XDATA SIZE       =   ----    ----
C51 COMPILER V9.60.0.0   UART_SEND_POLLING                                                 07/23/2020 16:39:54 PAGE 2   

   PDATA SIZE       =   ----    ----
   DATA SIZE        =     32       1
   IDATA SIZE       =   ----    ----
   BIT SIZE         =   ----    ----
END OF MODULE INFORMATION.


C51 COMPILATION COMPLETE.  0 WARNING(S),  0 ERROR(S)
