C51 COMPILER V9.60.0.0   DC_MOTOR                                                          07/21/2020 16:27:15 PAGE 1   


C51 COMPILER V9.60.0.0, COMPILATION OF MODULE DC_MOTOR
OBJECT MODULE PLACED IN .\Objects\dc_motor.obj
COMPILER INVOKED BY: F:\Keil\C51\BIN\C51.EXE dc_motor.c OPTIMIZE(8,SPEED) BROWSE DEBUG OBJECTEXTEND PRINT(.\Listings\dc_
                    -motor.lst) TABS(2) OBJECT(.\Objects\dc_motor.obj)

line level    source

   1          #include<reg52.h>
   2          
   3          sbit dc_motor = P1^0; 
   4          sbit relay = P1^7; 
   5          sbit relay_switch = P3^5; 
   6          sbit motor_switch = P3^4;
   7          
   8          void delay(char x);// delay function
   9            
  10          void main()
  11          {
  12   1        dc_motor=1;
  13   1        relay = 0;
  14   1         while(1)
  15   1         {
  16   2            if(motor_switch==0)
  17   2            {
  18   3              delay(20);
  19   3              if(motor_switch==0)
  20   3              {
  21   4                while(motor_switch==0);
  22   4                dc_motor = ~dc_motor;
  23   4              }
  24   3            }
  25   2            
  26   2            if(relay_switch==0)
  27   2            {
  28   3              delay(20);
  29   3              if(relay_switch==0)
  30   3              {
  31   4                while(relay_switch==0);
  32   4                relay = ~relay;
  33   4              }
  34   3            }
  35   2            
  36   2         }
  37   1      }
  38          
  39          
  40          void delay(char x)// delay function
  41          {
  42   1        char y;
  43   1        while(x--)
  44   1          for(y =0; y<120; y++);
  45   1      }


MODULE INFORMATION:   STATIC OVERLAYABLE
   CODE SIZE        =     67    ----
   CONSTANT SIZE    =   ----    ----
   XDATA SIZE       =   ----    ----
   PDATA SIZE       =   ----    ----
   DATA SIZE        =   ----    ----
   IDATA SIZE       =   ----    ----
C51 COMPILER V9.60.0.0   DC_MOTOR                                                          07/21/2020 16:27:15 PAGE 2   

   BIT SIZE         =   ----    ----
END OF MODULE INFORMATION.


C51 COMPILATION COMPLETE.  0 WARNING(S),  0 ERROR(S)
