C51 COMPILER V9.60.0.0   COUNTER                                                           07/21/2020 12:47:04 PAGE 1   


C51 COMPILER V9.60.0.0, COMPILATION OF MODULE COUNTER
OBJECT MODULE PLACED IN .\Objects\counter.obj
COMPILER INVOKED BY: F:\Keil\C51\BIN\C51.EXE counter.c OPTIMIZE(8,SPEED) BROWSE DEBUG OBJECTEXTEND PRINT(.\Listings\coun
                    -ter.lst) TABS(2) OBJECT(.\Objects\counter.obj)

line level    source

   1          
   2          #include<reg52.h>
   3          
   4          sbit selectionLatch = P2^7;
   5          sbit dataLatch = P2^6;
   6          
   7          
   8          char code segData[] =    // 0 to 9 codes for segment display
   9          {0x3f,0x06,0x5b,
  10          0x4f,0x66,0x6d,
  11          0x7d,0x07,0x7f,0x6f}; 
  12          
  13          char code segment[] =    // selection choice for one of the 6 display segments
  14          {0xfe,0xfd,0xfb,
  15          0xf7,0xef,0xdf};
  16          
  17          void seg_disp(int seconds); // display to the 7 segment
  18          void init_count(); // timer initialization
  19          void delay(char x);// delay function
  20          
  21          void main()
  22          {
  23   1      
  24   1        init_count();
  25   1        while(1)
  26   1        {
  27   2          seg_disp(TL0);
  28   2        }
  29   1      }
  30          
  31          
  32          
  33          void init_count() // timer initialization
  34          {
  35   1        //TMOD
  36   1          TMOD = 0x05; // counter 0 in counter mode 1
  37   1        //initial value to the timer
  38   1          TH0 = 0;
  39   1          TL0 = 0;  
  40   1        //TCON
  41   1          TR0 = 1;
  42   1      } 
  43          
  44          void seg_disp(int count) // display to the 7 segment
  45          {
  46   1            char tens, ones, hunds;
  47   1            char t = 1;
  48   1            hunds = count/100;
  49   1            tens = (count%100)/10;
  50   1            ones = (count%100)%10;
  51   1        
  52   1            P0 = segment[5];
  53   1            selectionLatch = 1;
  54   1            selectionLatch = 0;
C51 COMPILER V9.60.0.0   COUNTER                                                           07/21/2020 12:47:04 PAGE 2   

  55   1            
  56   1            P0 = segData[ones]; 
  57   1            dataLatch = 1;
  58   1            dataLatch = 0;
  59   1            delay(t);
  60   1        
  61   1            P0 = segment[4];
  62   1            selectionLatch = 1;
  63   1            selectionLatch = 0;
  64   1        
  65   1            P0 = segData[tens]; 
  66   1            dataLatch = 1;
  67   1            dataLatch = 0;
  68   1            delay(t);
  69   1            
  70   1            P0 = segment[3];
  71   1            selectionLatch = 1;
  72   1            selectionLatch = 0;
  73   1        
  74   1            P0 = segData[hunds]; 
  75   1            dataLatch = 1;
  76   1            dataLatch = 0;
  77   1            delay(t);
  78   1            
  79   1      }
  80          void delay(char x)// delay function
  81          {
  82   1        char y;
  83   1        while(x--)
  84   1          for(y =0; y<120; y++);
  85   1      }


MODULE INFORMATION:   STATIC OVERLAYABLE
   CODE SIZE        =    216    ----
   CONSTANT SIZE    =     16    ----
   XDATA SIZE       =   ----    ----
   PDATA SIZE       =   ----    ----
   DATA SIZE        =   ----       3
   IDATA SIZE       =   ----    ----
   BIT SIZE         =   ----    ----
END OF MODULE INFORMATION.


C51 COMPILATION COMPLETE.  0 WARNING(S),  0 ERROR(S)
