C51 COMPILER V9.60.0.0   TIMER                                                             07/20/2020 16:07:26 PAGE 1   


C51 COMPILER V9.60.0.0, COMPILATION OF MODULE TIMER
OBJECT MODULE PLACED IN .\Objects\timer.obj
COMPILER INVOKED BY: F:\Keil\C51\BIN\C51.EXE timer.c OPTIMIZE(8,SPEED) BROWSE DEBUG OBJECTEXTEND PRINT(.\Listings\timer.
                    -lst) TABS(2) OBJECT(.\Objects\timer.obj)

line level    source

   1          
   2          #include<reg52.h>
   3          
   4          sbit buzzer = P0^7;
   5          sbit selectionLatch = P2^7;
   6          sbit dataLatch = P2^6;
   7          
   8          char code segData[] =    // 0 to 9 codes for segment display
   9          {0x3f,0x06,0x5b,
  10          0x4f,0x66,0x6d,
  11          0x7d,0x07,0x7f,0x6f}; 
  12          
  13          char code segment[] =    // selection choice for one of the 6 display segments
  14          {0xfe,0xfd,0xfb,
  15          0xf7,0xef,0xdf};
  16          
  17          void seg_disp(char seconds); // display to the 7 segment
  18          void init_timer(); // timer initialization
  19          void delay(char x);// delay function
  20          
  21          void main()
  22          {
  23   1        char count =0;
  24   1        char seconds = 0;
  25   1        init_timer();
  26   1        while(1)
  27   1        {
  28   2          seg_disp(seconds);
  29   2          if(TF0==1)
  30   2          {
  31   3            //TR0 = 0;
  32   3            TF0 = 0;
  33   3            // reload timer
  34   3            TH0 = (65536-46082)/256;
  35   3            TL0 = (65536-46082)%256;
  36   3            //count time
  37   3            count++;
  38   3            if(count>=20)
  39   3            {
  40   4              buzzer = 1;
  41   4              delay(10);
  42   4              buzzer = 0;
  43   4              count = 0;
  44   4              
  45   4              seconds++;
  46   4            }
  47   3            //TR0 = 1;
  48   3          }
  49   2        }
  50   1      }
  51          
  52          
  53          
  54          void init_timer() // timer initialization
C51 COMPILER V9.60.0.0   TIMER                                                             07/20/2020 16:07:26 PAGE 2   

  55          {
  56   1        //TMOD
  57   1          TMOD = 0x01; // timer 0 in timer mode 1
  58   1        //initial value to the timer
  59   1          TH0 = (65536-46082)/256;
  60   1          TL0 = (65536-46082)%256;  
  61   1        //TCON
  62   1          TR0 = 1;
  63   1      } 
  64          
  65          void seg_disp(char seconds) // display to the 7 segment
  66          {
  67   1            char tens, ones;
  68   1            tens = seconds/10;
  69   1            ones = seconds%10;
  70   1        
  71   1            P0 = segment[5];
  72   1            selectionLatch = 1;
  73   1            selectionLatch = 0;
  74   1            
  75   1            P0 = segData[ones]; 
  76   1            dataLatch = 1;
  77   1            dataLatch = 0;
  78   1            delay(5);
  79   1            P0 = segment[4];
  80   1            selectionLatch = 1;
  81   1            selectionLatch = 0;
  82   1        
  83   1            P0 = segData[tens]; 
  84   1            dataLatch = 1;
  85   1            dataLatch = 0;
  86   1            delay(5);
  87   1            
  88   1      }
  89          void delay(char x)// delay function
  90          {
  91   1        char y;
  92   1        while(x--)
  93   1          for(y =0; y<120; y++);
  94   1      }


MODULE INFORMATION:   STATIC OVERLAYABLE
   CODE SIZE        =    199    ----
   CONSTANT SIZE    =     16    ----
   XDATA SIZE       =   ----    ----
   PDATA SIZE       =   ----    ----
   DATA SIZE        =   ----       3
   IDATA SIZE       =   ----    ----
   BIT SIZE         =   ----    ----
END OF MODULE INFORMATION.


C51 COMPILATION COMPLETE.  0 WARNING(S),  0 ERROR(S)
